<?xml version="1.0" encoding="UTF-8"?>
<testsuite xmlns:xsi="http://www.w3.org/2001/XMLSchema-instance" xsi:noNamespaceSchemaLocation="https://maven.apache.org/surefire/maven-surefire-plugin/xsd/surefire-test-report-3.0.xsd" version="3.0" name="com.island.island.IslandTest" time="0.005" tests="5" errors="0" skipped="0" failures="0">
  <properties>
[...]
</properties>
  <testcase name="testAllLocationsCreated" classname="com.island.island.IslandTest" time="0.001"/>
  <testcase name="testGetLocation" classname="com.island.island.IslandTest" time="0.0"/>
  <testcase name="testPopulateAnimals" classname="com.island.island.IslandTest" time="0.001"/>
  <testcase name="testPopulatePlants" classname="com.island.island.IslandTest" time="0.001"/>
  <testcase name="testIslandSize" classname="com.island.island.IslandTest" time="0.001"/>
</testsuite>